---------------------------------------------------------------
[ 2018-11-24T14:11:53+08:00 ] 0.0.0.0 GET /kangbazi/public/
[ info ] localhost/kangbazi/public/ [运行时间：0.477507s][吞吐率：2.09req/s] [内存消耗：1,956.33kb] [文件加载：47]
[ info ] [ LANG ] D:\phpStudy\WWW\kangbazi\thinkphp\lang\zh-cn.php
[ info ] [ ROUTE ] array (
  'type' => 'module',
  'module' => 
  array (
    0 => '',
    1 => NULL,
    2 => NULL,
  ),
)
[ info ] [ HEADER ] array (
  'host' => 'localhost',
  'connection' => 'keep-alive',
  'accept' => 'text/html,application/xhtml+xml,application/xml;q=0.9,image/webp,*/*;q=0.8',
  'upgrade-insecure-requests' => '1',
  'user-agent' => 'Mozilla/5.0 (Windows NT 6.1; WOW64) AppleWebKit/537.36 (KHTML, like Gecko) Chrome/49.0.2623.112 Safari/537.36',
  'accept-encoding' => 'gzip, deflate, sdch',
  'accept-language' => 'zh-CN,zh;q=0.8',
)
[ info ] [ PARAM ] array (
)
[ info ] [ SESSION ] INIT array (
  'id' => '',
  'var_session_id' => '',
  'prefix' => 'think',
  'type' => '',
  'auto_start' => true,
)
[ info ] [ VIEW ] D:\phpStudy\WWW\kangbazi\thinkphp\tpl\dispatch_jump.tpl [ array (
  0 => 'code',
  1 => 'msg',
  2 => 'data',
  3 => 'url',
  4 => 'wait',
) ]
[ info ] [ LOG ] INIT File
---------------------------------------------------------------
[ 2018-11-24T14:11:56+08:00 ] 0.0.0.0 GET /kangbazi/public/index/login/index.html
[ info ] localhost/kangbazi/public/index/login/index.html [运行时间：0.115002s][吞吐率：8.70req/s] [内存消耗：1,633.31kb] [文件加载：44]
[ info ] [ LANG ] D:\phpStudy\WWW\kangbazi\thinkphp\lang\zh-cn.php
[ info ] [ ROUTE ] array (
  'type' => 'module',
  'module' => 
  array (
    0 => 'index',
    1 => 'login',
    2 => 'index',
  ),
)
[ info ] [ HEADER ] array (
  'host' => 'localhost',
  'connection' => 'keep-alive',
  'accept' => 'text/html,application/xhtml+xml,application/xml;q=0.9,image/webp,*/*;q=0.8',
  'upgrade-insecure-requests' => '1',
  'user-agent' => 'Mozilla/5.0 (Windows NT 6.1; WOW64) AppleWebKit/537.36 (KHTML, like Gecko) Chrome/49.0.2623.112 Safari/537.36',
  'referer' => 'http://localhost/kangbazi/public/',
  'accept-encoding' => 'gzip, deflate, sdch',
  'accept-language' => 'zh-CN,zh;q=0.8',
  'cookie' => 'PHPSESSID=eqk45h7hre1g0uiu8sihs6k443',
)
[ info ] [ PARAM ] array (
)
[ info ] [ RUN ] app\index\controller\LoginController->index[ D:\phpStudy\WWW\kangbazi\application\index\controller\LoginController.php ]
[ info ] [ VIEW ] D:\phpStudy\WWW\kangbazi\public/../application/index\view\login\index.html [ array (
) ]
[ info ] [ LOG ] INIT File
---------------------------------------------------------------
[ 2018-11-24T14:11:58+08:00 ] 0.0.0.0 GET /kangbazi/public/index/login/index.html
[ info ] localhost/kangbazi/public/index/login/index.html [运行时间：0.082502s][吞吐率：12.12req/s] [内存消耗：1,633.55kb] [文件加载：44]
[ info ] [ LANG ] D:\phpStudy\WWW\kangbazi\thinkphp\lang\zh-cn.php
[ info ] [ ROUTE ] array (
  'type' => 'module',
  'module' => 
  array (
    0 => 'index',
    1 => 'login',
    2 => 'index',
  ),
)
[ info ] [ HEADER ] array (
  'host' => 'localhost',
  'connection' => 'keep-alive',
  'cache-control' => 'max-age=0',
  'accept' => 'text/html,application/xhtml+xml,application/xml;q=0.9,image/webp,*/*;q=0.8',
  'upgrade-insecure-requests' => '1',
  'user-agent' => 'Mozilla/5.0 (Windows NT 6.1; WOW64) AppleWebKit/537.36 (KHTML, like Gecko) Chrome/49.0.2623.112 Safari/537.36',
  'referer' => 'http://localhost/kangbazi/public/',
  'accept-encoding' => 'gzip, deflate, sdch',
  'accept-language' => 'zh-CN,zh;q=0.8',
  'cookie' => 'PHPSESSID=eqk45h7hre1g0uiu8sihs6k443',
)
[ info ] [ PARAM ] array (
)
[ info ] [ RUN ] app\index\controller\LoginController->index[ D:\phpStudy\WWW\kangbazi\application\index\controller\LoginController.php ]
[ info ] [ VIEW ] D:\phpStudy\WWW\kangbazi\public/../application/index\view\login\index.html [ array (
) ]
[ info ] [ LOG ] INIT File
---------------------------------------------------------------
[ 2018-11-24T14:11:59+08:00 ] 0.0.0.0 GET /kangbazi/public/index/login/index.html
[ info ] localhost/kangbazi/public/index/login/index.html [运行时间：0.092501s][吞吐率：10.81req/s] [内存消耗：1,633.52kb] [文件加载：44]
[ info ] [ LANG ] D:\phpStudy\WWW\kangbazi\thinkphp\lang\zh-cn.php
[ info ] [ ROUTE ] array (
  'type' => 'module',
  'module' => 
  array (
    0 => 'index',
    1 => 'login',
    2 => 'index',
  ),
)
[ info ] [ HEADER ] array (
  'host' => 'localhost',
  'connection' => 'keep-alive',
  'cache-control' => 'max-age=0',
  'accept' => 'text/html,application/xhtml+xml,application/xml;q=0.9,image/webp,*/*;q=0.8',
  'upgrade-insecure-requests' => '1',
  'user-agent' => 'Mozilla/5.0 (Windows NT 6.1; WOW64) AppleWebKit/537.36 (KHTML, like Gecko) Chrome/49.0.2623.112 Safari/537.36',
  'referer' => 'http://localhost/kangbazi/public/',
  'accept-encoding' => 'gzip, deflate, sdch',
  'accept-language' => 'zh-CN,zh;q=0.8',
  'cookie' => 'PHPSESSID=eqk45h7hre1g0uiu8sihs6k443',
)
[ info ] [ PARAM ] array (
)
[ info ] [ RUN ] app\index\controller\LoginController->index[ D:\phpStudy\WWW\kangbazi\application\index\controller\LoginController.php ]
[ info ] [ VIEW ] D:\phpStudy\WWW\kangbazi\public/../application/index\view\login\index.html [ array (
) ]
[ info ] [ LOG ] INIT File
---------------------------------------------------------------
[ 2018-11-24T14:11:59+08:00 ] 0.0.0.0 GET /kangbazi/public/index/login/index.html
[ info ] localhost/kangbazi/public/index/login/index.html [运行时间：0.067501s][吞吐率：14.81req/s] [内存消耗：1,633.52kb] [文件加载：44]
[ info ] [ LANG ] D:\phpStudy\WWW\kangbazi\thinkphp\lang\zh-cn.php
[ info ] [ ROUTE ] array (
  'type' => 'module',
  'module' => 
  array (
    0 => 'index',
    1 => 'login',
    2 => 'index',
  ),
)
[ info ] [ HEADER ] array (
  'host' => 'localhost',
  'connection' => 'keep-alive',
  'cache-control' => 'max-age=0',
  'accept' => 'text/html,application/xhtml+xml,application/xml;q=0.9,image/webp,*/*;q=0.8',
  'upgrade-insecure-requests' => '1',
  'user-agent' => 'Mozilla/5.0 (Windows NT 6.1; WOW64) AppleWebKit/537.36 (KHTML, like Gecko) Chrome/49.0.2623.112 Safari/537.36',
  'referer' => 'http://localhost/kangbazi/public/',
  'accept-encoding' => 'gzip, deflate, sdch',
  'accept-language' => 'zh-CN,zh;q=0.8',
  'cookie' => 'PHPSESSID=eqk45h7hre1g0uiu8sihs6k443',
)
[ info ] [ PARAM ] array (
)
[ info ] [ RUN ] app\index\controller\LoginController->index[ D:\phpStudy\WWW\kangbazi\application\index\controller\LoginController.php ]
[ info ] [ VIEW ] D:\phpStudy\WWW\kangbazi\public/../application/index\view\login\index.html [ array (
) ]
[ info ] [ LOG ] INIT File
---------------------------------------------------------------
[ 2018-11-24T14:12:00+08:00 ] 0.0.0.0 GET /kangbazi/public/index/login/index.html
[ info ] localhost/kangbazi/public/index/login/index.html [运行时间：0.076001s][吞吐率：13.16req/s] [内存消耗：1,633.52kb] [文件加载：44]
[ info ] [ LANG ] D:\phpStudy\WWW\kangbazi\thinkphp\lang\zh-cn.php
[ info ] [ ROUTE ] array (
  'type' => 'module',
  'module' => 
  array (
    0 => 'index',
    1 => 'login',
    2 => 'index',
  ),
)
[ info ] [ HEADER ] array (
  'host' => 'localhost',
  'connection' => 'keep-alive',
  'cache-control' => 'max-age=0',
  'accept' => 'text/html,application/xhtml+xml,application/xml;q=0.9,image/webp,*/*;q=0.8',
  'upgrade-insecure-requests' => '1',
  'user-agent' => 'Mozilla/5.0 (Windows NT 6.1; WOW64) AppleWebKit/537.36 (KHTML, like Gecko) Chrome/49.0.2623.112 Safari/537.36',
  'referer' => 'http://localhost/kangbazi/public/',
  'accept-encoding' => 'gzip, deflate, sdch',
  'accept-language' => 'zh-CN,zh;q=0.8',
  'cookie' => 'PHPSESSID=eqk45h7hre1g0uiu8sihs6k443',
)
[ info ] [ PARAM ] array (
)
[ info ] [ RUN ] app\index\controller\LoginController->index[ D:\phpStudy\WWW\kangbazi\application\index\controller\LoginController.php ]
[ info ] [ VIEW ] D:\phpStudy\WWW\kangbazi\public/../application/index\view\login\index.html [ array (
) ]
[ info ] [ LOG ] INIT File
---------------------------------------------------------------
[ 2018-11-24T14:12:00+08:00 ] 0.0.0.0 GET /kangbazi/public/index/login/index.html
[ info ] localhost/kangbazi/public/index/login/index.html [运行时间：0.085001s][吞吐率：11.76req/s] [内存消耗：1,633.52kb] [文件加载：44]
[ info ] [ LANG ] D:\phpStudy\WWW\kangbazi\thinkphp\lang\zh-cn.php
[ info ] [ ROUTE ] array (
  'type' => 'module',
  'module' => 
  array (
    0 => 'index',
    1 => 'login',
    2 => 'index',
  ),
)
[ info ] [ HEADER ] array (
  'host' => 'localhost',
  'connection' => 'keep-alive',
  'cache-control' => 'max-age=0',
  'accept' => 'text/html,application/xhtml+xml,application/xml;q=0.9,image/webp,*/*;q=0.8',
  'upgrade-insecure-requests' => '1',
  'user-agent' => 'Mozilla/5.0 (Windows NT 6.1; WOW64) AppleWebKit/537.36 (KHTML, like Gecko) Chrome/49.0.2623.112 Safari/537.36',
  'referer' => 'http://localhost/kangbazi/public/',
  'accept-encoding' => 'gzip, deflate, sdch',
  'accept-language' => 'zh-CN,zh;q=0.8',
  'cookie' => 'PHPSESSID=eqk45h7hre1g0uiu8sihs6k443',
)
[ info ] [ PARAM ] array (
)
[ info ] [ RUN ] app\index\controller\LoginController->index[ D:\phpStudy\WWW\kangbazi\application\index\controller\LoginController.php ]
[ info ] [ VIEW ] D:\phpStudy\WWW\kangbazi\public/../application/index\view\login\index.html [ array (
) ]
[ info ] [ LOG ] INIT File
---------------------------------------------------------------
[ 2018-11-24T14:12:00+08:00 ] 0.0.0.0 GET /kangbazi/public/index/login/index.html
[ info ] localhost/kangbazi/public/index/login/index.html [运行时间：0.077501s][吞吐率：12.90req/s] [内存消耗：1,633.52kb] [文件加载：44]
[ info ] [ LANG ] D:\phpStudy\WWW\kangbazi\thinkphp\lang\zh-cn.php
[ info ] [ ROUTE ] array (
  'type' => 'module',
  'module' => 
  array (
    0 => 'index',
    1 => 'login',
    2 => 'index',
  ),
)
[ info ] [ HEADER ] array (
  'host' => 'localhost',
  'connection' => 'keep-alive',
  'cache-control' => 'max-age=0',
  'accept' => 'text/html,application/xhtml+xml,application/xml;q=0.9,image/webp,*/*;q=0.8',
  'upgrade-insecure-requests' => '1',
  'user-agent' => 'Mozilla/5.0 (Windows NT 6.1; WOW64) AppleWebKit/537.36 (KHTML, like Gecko) Chrome/49.0.2623.112 Safari/537.36',
  'referer' => 'http://localhost/kangbazi/public/',
  'accept-encoding' => 'gzip, deflate, sdch',
  'accept-language' => 'zh-CN,zh;q=0.8',
  'cookie' => 'PHPSESSID=eqk45h7hre1g0uiu8sihs6k443',
)
[ info ] [ PARAM ] array (
)
[ info ] [ RUN ] app\index\controller\LoginController->index[ D:\phpStudy\WWW\kangbazi\application\index\controller\LoginController.php ]
[ info ] [ VIEW ] D:\phpStudy\WWW\kangbazi\public/../application/index\view\login\index.html [ array (
) ]
[ info ] [ LOG ] INIT File
---------------------------------------------------------------
[ 2018-11-24T14:15:40+08:00 ] 0.0.0.0 GET /kangbazi/public/index.php?__hbt=1543040139875
[ info ] localhost/kangbazi/public/index.php?__hbt=1543040139875 [运行时间：0.092502s][吞吐率：10.81req/s] [内存消耗：1,956.87kb] [文件加载：47]
[ info ] [ LANG ] D:\phpStudy\WWW\kangbazi\thinkphp\lang\zh-cn.php
[ info ] [ ROUTE ] array (
  'type' => 'module',
  'module' => 
  array (
    0 => '',
    1 => NULL,
    2 => NULL,
  ),
)
[ info ] [ HEADER ] array (
  'host' => 'localhost',
  'connection' => 'keep-alive',
  'accept' => 'text/html,application/xhtml+xml,application/xml;q=0.9,image/webp,*/*;q=0.8',
  'upgrade-insecure-requests' => '1',
  'user-agent' => 'Mozilla/5.0 (Windows NT 6.1; WOW64) AppleWebKit/537.36 (KHTML, like Gecko) Chrome/49.0.2623.112 Safari/537.36',
  'accept-encoding' => 'gzip, deflate, sdch',
  'accept-language' => 'zh-CN,zh;q=0.8',
  'cookie' => 'PHPSESSID=eqk45h7hre1g0uiu8sihs6k443',
)
[ info ] [ PARAM ] array (
  '__hbt' => '1543040139875',
)
[ info ] [ SESSION ] INIT array (
  'id' => '',
  'var_session_id' => '',
  'prefix' => 'think',
  'type' => '',
  'auto_start' => true,
)
[ info ] [ VIEW ] D:\phpStudy\WWW\kangbazi\thinkphp\tpl\dispatch_jump.tpl [ array (
  0 => 'code',
  1 => 'msg',
  2 => 'data',
  3 => 'url',
  4 => 'wait',
) ]
[ info ] [ LOG ] INIT File
---------------------------------------------------------------
[ 2018-11-24T14:15:43+08:00 ] 0.0.0.0 GET /kangbazi/public/index.php/index/login/index.html
[ info ] localhost/kangbazi/public/index.php/index/login/index.html [运行时间：0.080001s][吞吐率：12.50req/s] [内存消耗：1,633.56kb] [文件加载：44]
[ info ] [ LANG ] D:\phpStudy\WWW\kangbazi\thinkphp\lang\zh-cn.php
[ info ] [ ROUTE ] array (
  'type' => 'module',
  'module' => 
  array (
    0 => 'index',
    1 => 'login',
    2 => 'index',
  ),
)
[ info ] [ HEADER ] array (
  'host' => 'localhost',
  'connection' => 'keep-alive',
  'accept' => 'text/html,application/xhtml+xml,application/xml;q=0.9,image/webp,*/*;q=0.8',
  'upgrade-insecure-requests' => '1',
  'user-agent' => 'Mozilla/5.0 (Windows NT 6.1; WOW64) AppleWebKit/537.36 (KHTML, like Gecko) Chrome/49.0.2623.112 Safari/537.36',
  'referer' => 'http://localhost/kangbazi/public/index.php?__hbt=1543040139875',
  'accept-encoding' => 'gzip, deflate, sdch',
  'accept-language' => 'zh-CN,zh;q=0.8',
  'cookie' => 'PHPSESSID=eqk45h7hre1g0uiu8sihs6k443',
)
[ info ] [ PARAM ] array (
)
[ info ] [ RUN ] app\index\controller\LoginController->index[ D:\phpStudy\WWW\kangbazi\application\index\controller\LoginController.php ]
[ info ] [ VIEW ] D:\phpStudy\WWW\kangbazi\public/../application/index\view\login\index.html [ array (
) ]
[ info ] [ LOG ] INIT File
